<?xml version="1.0" encoding="UTF-8"?>
<coverage generated="1575330712505" clover="3.2.0">
  <project timestamp="1575330712505" name="All files">
    <metrics statements="26" coveredstatements="26" conditionals="6" coveredconditionals="6" methods="12" coveredmethods="12" elements="44" coveredelements="44" complexity="0" loc="26" ncloc="26" packages="1" files="1" classes="1"/>
    <file name="types.js" path="/Users/samanthasterns/alchemy/career-track-one/lab1/lib/types.js">
      <metrics statements="26" coveredstatements="26" conditionals="6" coveredconditionals="6" methods="12" coveredmethods="12"/>
      <line num="1" count="12" type="stmt"/>
      <line num="2" count="6" type="stmt"/>
      <line num="3" count="4" type="stmt"/>
      <line num="4" count="5" type="stmt"/>
      <line num="5" count="4" type="stmt"/>
      <line num="6" count="6" type="stmt"/>
      <line num="8" count="1" type="stmt"/>
      <line num="9" count="6" type="cond" truecount="2" falsecount="0"/>
      <line num="10" count="5" type="stmt"/>
      <line num="11" count="5" type="cond" truecount="2" falsecount="0"/>
      <line num="12" count="3" type="stmt"/>
      <line num="15" count="1" type="stmt"/>
      <line num="16" count="3" type="stmt"/>
      <line num="17" count="3" type="stmt"/>
      <line num="20" count="1" type="stmt"/>
      <line num="21" count="3" type="stmt"/>
      <line num="22" count="3" type="stmt"/>
      <line num="25" count="2" type="stmt"/>
      <line num="29" count="2" type="stmt"/>
      <line num="30" count="2" type="stmt"/>
      <line num="31" count="2" type="stmt"/>
      <line num="32" count="2" type="stmt"/>
      <line num="36" count="1" type="stmt"/>
      <line num="42" count="1" type="stmt"/>
      <line num="43" count="4" type="cond" truecount="2" falsecount="0"/>
      <line num="46" count="1" type="stmt"/>
    </file>
  </project>
</coverage>
