<?xml version="1.0" encoding="UTF-8"?>
<coverage generated="1575325311790" clover="3.2.0">
  <project timestamp="1575325311791" name="All files">
    <metrics statements="19" coveredstatements="19" conditionals="6" coveredconditionals="6" methods="9" coveredmethods="9" elements="34" coveredelements="34" complexity="0" loc="19" ncloc="19" packages="1" files="1" classes="1"/>
    <file name="types.js" path="/Users/samanthasterns/alchemy/career-track-one/lab1/lib/types.js">
      <metrics statements="19" coveredstatements="19" conditionals="6" coveredconditionals="6" methods="9" coveredmethods="9"/>
      <line num="1" count="12" type="stmt"/>
      <line num="2" count="6" type="stmt"/>
      <line num="3" count="4" type="stmt"/>
      <line num="4" count="5" type="stmt"/>
      <line num="5" count="4" type="stmt"/>
      <line num="6" count="6" type="stmt"/>
      <line num="8" count="1" type="stmt"/>
      <line num="9" count="6" type="cond" truecount="2" falsecount="0"/>
      <line num="10" count="5" type="stmt"/>
      <line num="11" count="5" type="cond" truecount="2" falsecount="0"/>
      <line num="12" count="3" type="stmt"/>
      <line num="17" count="2" type="stmt"/>
      <line num="18" count="2" type="stmt"/>
      <line num="19" count="2" type="stmt"/>
      <line num="20" count="2" type="stmt"/>
      <line num="24" count="1" type="stmt"/>
      <line num="28" count="1" type="stmt"/>
      <line num="29" count="2" type="cond" truecount="2" falsecount="0"/>
      <line num="32" count="1" type="stmt"/>
    </file>
  </project>
</coverage>
