{"/Users/samanthasterns/alchemy/career-track-one/lab1/lib/types.js": {"path":"/Users/samanthasterns/alchemy/career-track-one/lab1/lib/types.js","statementMap":{"0":{"start":{"line":1,"column":17},"end":{"line":1,"column":47}},"1":{"start":{"line":1,"column":24},"end":{"line":1,"column":47}},"2":{"start":{"line":3,"column":21},"end":{"line":8,"column":1}},"3":{"start":{"line":4,"column":2},"end":{"line":4,"column":31}},"4":{"start":{"line":4,"column":20},"end":{"line":4,"column":31}},"5":{"start":{"line":5,"column":17},"end":{"line":5,"column":28}},"6":{"start":{"line":6,"column":2},"end":{"line":6,"column":53}},"7":{"start":{"line":6,"column":20},"end":{"line":6,"column":53}},"8":{"start":{"line":7,"column":2},"end":{"line":7,"column":16}},"9":{"start":{"line":12,"column":17},"end":{"line":12,"column":26}},"10":{"start":{"line":13,"column":4},"end":{"line":13,"column":49}},"11":{"start":{"line":14,"column":4},"end":{"line":14,"column":21}},"12":{"start":{"line":15,"column":4},"end":{"line":15,"column":23}},"13":{"start":{"line":19,"column":16},"end":{"line":21,"column":1}},"14":{"start":{"line":23,"column":18},"end":{"line":25,"column":1}},"15":{"start":{"line":24,"column":2},"end":{"line":24,"column":36}},"16":{"start":{"line":27,"column":0},"end":{"line":32,"column":2}}},"fnMap":{"0":{"name":"(anonymous_0)","decl":{"start":{"line":1,"column":17},"end":{"line":1,"column":18}},"loc":{"start":{"line":1,"column":24},"end":{"line":1,"column":47}},"line":1},"1":{"name":"(anonymous_1)","decl":{"start":{"line":3,"column":21},"end":{"line":3,"column":22}},"loc":{"start":{"line":3,"column":28},"end":{"line":8,"column":1}},"line":3},"2":{"name":"(anonymous_2)","decl":{"start":{"line":11,"column":2},"end":{"line":11,"column":3}},"loc":{"start":{"line":11,"column":27},"end":{"line":16,"column":3}},"line":11},"3":{"name":"(anonymous_3)","decl":{"start":{"line":23,"column":18},"end":{"line":23,"column":19}},"loc":{"start":{"line":23,"column":26},"end":{"line":25,"column":1}},"line":23}},"branchMap":{"0":{"loc":{"start":{"line":4,"column":2},"end":{"line":4,"column":31}},"type":"if","locations":[{"start":{"line":4,"column":2},"end":{"line":4,"column":31}},{"start":{"line":4,"column":2},"end":{"line":4,"column":31}}],"line":4},"1":{"loc":{"start":{"line":6,"column":2},"end":{"line":6,"column":53}},"type":"if","locations":[{"start":{"line":6,"column":2},"end":{"line":6,"column":53}},{"start":{"line":6,"column":2},"end":{"line":6,"column":53}}],"line":6},"2":{"loc":{"start":{"line":24,"column":9},"end":{"line":24,"column":35}},"type":"binary-expr","locations":[{"start":{"line":24,"column":9},"end":{"line":24,"column":27}},{"start":{"line":24,"column":31},"end":{"line":24,"column":35}}],"line":24}},"s":{"0":1,"1":12,"2":1,"3":6,"4":1,"5":5,"6":5,"7":2,"8":3,"9":2,"10":2,"11":2,"12":2,"13":1,"14":1,"15":2,"16":1},"f":{"0":12,"1":6,"2":2,"3":2},"b":{"0":[1,5],"1":[2,3],"2":[2,1]},"_coverageSchema":"43e27e138ebf9cfc5966b082cf9a028302ed4184","hash":"992760a33a5a9575ffd4be57c5f1f38eb58a39ec"}
}
