{"/Users/samanthasterns/alchemy/career-track-one/lab1/lib/types.js": {"path":"/Users/samanthasterns/alchemy/career-track-one/lab1/lib/types.js","statementMap":{"0":{"start":{"line":1,"column":17},"end":{"line":1,"column":47}},"1":{"start":{"line":1,"column":24},"end":{"line":1,"column":47}},"2":{"start":{"line":2,"column":17},"end":{"line":2,"column":47}},"3":{"start":{"line":2,"column":24},"end":{"line":2,"column":47}},"4":{"start":{"line":3,"column":18},"end":{"line":3,"column":49}},"5":{"start":{"line":3,"column":25},"end":{"line":3,"column":49}},"6":{"start":{"line":5,"column":21},"end":{"line":10,"column":1}},"7":{"start":{"line":6,"column":4},"end":{"line":6,"column":34}},"8":{"start":{"line":6,"column":23},"end":{"line":6,"column":34}},"9":{"start":{"line":7,"column":19},"end":{"line":7,"column":30}},"10":{"start":{"line":8,"column":4},"end":{"line":8,"column":56}},"11":{"start":{"line":8,"column":23},"end":{"line":8,"column":56}},"12":{"start":{"line":9,"column":4},"end":{"line":9,"column":18}},"13":{"start":{"line":14,"column":21},"end":{"line":14,"column":30}},"14":{"start":{"line":15,"column":8},"end":{"line":15,"column":53}},"15":{"start":{"line":16,"column":8},"end":{"line":16,"column":25}},"16":{"start":{"line":17,"column":8},"end":{"line":17,"column":27}},"17":{"start":{"line":21,"column":16},"end":{"line":23,"column":1}},"18":{"start":{"line":25,"column":18},"end":{"line":27,"column":1}},"19":{"start":{"line":26,"column":4},"end":{"line":26,"column":38}},"20":{"start":{"line":29,"column":0},"end":{"line":36,"column":2}}},"fnMap":{"0":{"name":"(anonymous_0)","decl":{"start":{"line":1,"column":17},"end":{"line":1,"column":18}},"loc":{"start":{"line":1,"column":24},"end":{"line":1,"column":47}},"line":1},"1":{"name":"(anonymous_1)","decl":{"start":{"line":2,"column":17},"end":{"line":2,"column":18}},"loc":{"start":{"line":2,"column":24},"end":{"line":2,"column":47}},"line":2},"2":{"name":"(anonymous_2)","decl":{"start":{"line":3,"column":18},"end":{"line":3,"column":19}},"loc":{"start":{"line":3,"column":25},"end":{"line":3,"column":49}},"line":3},"3":{"name":"(anonymous_3)","decl":{"start":{"line":5,"column":21},"end":{"line":5,"column":22}},"loc":{"start":{"line":5,"column":28},"end":{"line":10,"column":1}},"line":5},"4":{"name":"(anonymous_4)","decl":{"start":{"line":13,"column":4},"end":{"line":13,"column":5}},"loc":{"start":{"line":13,"column":29},"end":{"line":18,"column":5}},"line":13},"5":{"name":"(anonymous_5)","decl":{"start":{"line":25,"column":18},"end":{"line":25,"column":19}},"loc":{"start":{"line":25,"column":26},"end":{"line":27,"column":1}},"line":25}},"branchMap":{"0":{"loc":{"start":{"line":6,"column":4},"end":{"line":6,"column":34}},"type":"if","locations":[{"start":{"line":6,"column":4},"end":{"line":6,"column":34}},{"start":{"line":6,"column":4},"end":{"line":6,"column":34}}],"line":6},"1":{"loc":{"start":{"line":8,"column":4},"end":{"line":8,"column":56}},"type":"if","locations":[{"start":{"line":8,"column":4},"end":{"line":8,"column":56}},{"start":{"line":8,"column":4},"end":{"line":8,"column":56}}],"line":8},"2":{"loc":{"start":{"line":26,"column":11},"end":{"line":26,"column":37}},"type":"binary-expr","locations":[{"start":{"line":26,"column":11},"end":{"line":26,"column":29}},{"start":{"line":26,"column":33},"end":{"line":26,"column":37}}],"line":26}},"s":{"0":1,"1":12,"2":1,"3":6,"4":1,"5":4,"6":1,"7":6,"8":1,"9":5,"10":5,"11":2,"12":3,"13":2,"14":2,"15":2,"16":2,"17":1,"18":1,"19":2,"20":1},"f":{"0":12,"1":6,"2":4,"3":6,"4":2,"5":2},"b":{"0":[1,5],"1":[2,3],"2":[2,1]},"_coverageSchema":"43e27e138ebf9cfc5966b082cf9a028302ed4184","hash":"c21671f9de37e3f61a0d6c3b572455b4375a243d"}
}
