TN:
SF:/Users/samanthasterns/alchemy/career-track-one/lab1/lib/types.js
FN:1,(anonymous_0)
FN:2,(anonymous_1)
FN:3,(anonymous_2)
FN:4,(anonymous_3)
FN:5,(anonymous_4)
FN:6,(anonymous_5)
FN:8,(anonymous_6)
FN:16,(anonymous_7)
FN:28,(anonymous_8)
FNF:9
FNH:9
FNDA:12,(anonymous_0)
FNDA:6,(anonymous_1)
FNDA:4,(anonymous_2)
FNDA:5,(anonymous_3)
FNDA:4,(anonymous_4)
FNDA:6,(anonymous_5)
FNDA:6,(anonymous_6)
FNDA:2,(anonymous_7)
FNDA:2,(anonymous_8)
DA:1,12
DA:2,6
DA:3,4
DA:4,5
DA:5,4
DA:6,6
DA:8,1
DA:9,6
DA:10,5
DA:11,5
DA:12,3
DA:17,2
DA:18,2
DA:19,2
DA:20,2
DA:24,1
DA:28,1
DA:29,2
DA:32,1
LF:19
LH:19
BRDA:9,0,0,1
BRDA:9,0,1,5
BRDA:11,1,0,2
BRDA:11,1,1,3
BRDA:29,2,0,2
BRDA:29,2,1,1
BRF:6
BRH:6
end_of_record
