TN:
SF:/Users/samanthasterns/alchemy/career-track-one/lab1/lib/types.js
FN:1,(anonymous_0)
FN:2,(anonymous_1)
FN:3,(anonymous_2)
FN:4,(anonymous_3)
FN:5,(anonymous_4)
FN:6,(anonymous_5)
FN:8,(anonymous_6)
FN:15,(anonymous_7)
FN:21,(anonymous_8)
FN:33,(anonymous_9)
FNF:10
FNH:10
FNDA:12,(anonymous_0)
FNDA:6,(anonymous_1)
FNDA:4,(anonymous_2)
FNDA:5,(anonymous_3)
FNDA:4,(anonymous_4)
FNDA:6,(anonymous_5)
FNDA:6,(anonymous_6)
FNDA:3,(anonymous_7)
FNDA:2,(anonymous_8)
FNDA:2,(anonymous_9)
DA:1,12
DA:2,6
DA:3,4
DA:4,5
DA:5,4
DA:6,6
DA:8,1
DA:9,6
DA:10,5
DA:11,5
DA:12,3
DA:15,1
DA:16,3
DA:17,3
DA:22,2
DA:23,2
DA:24,2
DA:25,2
DA:29,1
DA:33,1
DA:34,2
DA:37,1
LF:22
LH:22
BRDA:9,0,0,1
BRDA:9,0,1,5
BRDA:11,1,0,2
BRDA:11,1,1,3
BRDA:34,2,0,2
BRDA:34,2,1,1
BRF:6
BRH:6
end_of_record
